2023-03-23_08-04-57 [restartedMain] INFO  c.e.p.ProcessPensionApplication - Starting ProcessPensionApplication using Java 17.0.4.1 with PID 5336 (I:\Cognizant\Final Project\PMSBackend\processPension\processPension\target\classes started by naray in I:\Cognizant\Final Project\PMSBackend\processPension\processPension)
2023-03-23_08-04-57 [restartedMain] INFO  c.e.p.ProcessPensionApplication - No active profile set, falling back to 1 default profile: "default"
2023-03-23_08-04-57 [restartedMain] INFO  o.s.b.d.e.DevToolsPropertyDefaultsPostProcessor - Devtools property defaults active! Set 'spring.devtools.add-properties' to 'false' to disable
2023-03-23_08-04-57 [restartedMain] INFO  o.s.b.d.e.DevToolsPropertyDefaultsPostProcessor - For additional web related logging consider setting the 'logging.level.web' property to 'DEBUG'
2023-03-23_08-04-57 [restartedMain] INFO  o.s.d.r.c.RepositoryConfigurationDelegate - Bootstrapping Spring Data JPA repositories in DEFAULT mode.
2023-03-23_08-04-57 [restartedMain] INFO  o.s.d.r.c.RepositoryConfigurationDelegate - Finished Spring Data repository scanning in 62 ms. Found 1 JPA repository interfaces.
2023-03-23_08-04-57 [restartedMain] INFO  o.s.cloud.context.scope.GenericScope - BeanFactory id=8f443332-e8d3-33d3-88ca-9d0cabef131b
2023-03-23_08-04-57 [restartedMain] INFO  o.s.c.s.PostProcessorRegistrationDelegate$BeanPostProcessorChecker - Bean 'com.example.processPension.client.AuthClient' of type [org.springframework.cloud.openfeign.FeignClientFactoryBean] is not eligible for getting processed by all BeanPostProcessors (for example: not eligible for auto-proxying)
2023-03-23_08-04-57 [restartedMain] INFO  o.s.c.s.PostProcessorRegistrationDelegate$BeanPostProcessorChecker - Bean 'com.example.processPension.client.PensionDisbursementClient' of type [org.springframework.cloud.openfeign.FeignClientFactoryBean] is not eligible for getting processed by all BeanPostProcessors (for example: not eligible for auto-proxying)
2023-03-23_08-04-57 [restartedMain] INFO  o.s.c.s.PostProcessorRegistrationDelegate$BeanPostProcessorChecker - Bean 'com.example.processPension.client.PensionerDetailClient' of type [org.springframework.cloud.openfeign.FeignClientFactoryBean] is not eligible for getting processed by all BeanPostProcessors (for example: not eligible for auto-proxying)
2023-03-23_08-04-57 [restartedMain] INFO  o.s.b.w.e.tomcat.TomcatWebServer - Tomcat initialized with port(s): 8081 (http)
2023-03-23_08-04-57 [restartedMain] INFO  o.a.coyote.http11.Http11NioProtocol - Initializing ProtocolHandler ["http-nio-8081"]
2023-03-23_08-04-57 [restartedMain] INFO  o.a.catalina.core.StandardService - Starting service [Tomcat]
2023-03-23_08-04-57 [restartedMain] INFO  o.a.catalina.core.StandardEngine - Starting Servlet engine: [Apache Tomcat/10.1.5]
2023-03-23_08-04-57 [restartedMain] INFO  o.a.c.c.C.[Tomcat].[localhost].[/] - Initializing Spring embedded WebApplicationContext
2023-03-23_08-04-57 [restartedMain] INFO  o.s.b.w.s.c.ServletWebServerApplicationContext - Root WebApplicationContext: initialization completed in 2877 ms
2023-03-23_08-04-57 [restartedMain] INFO  com.zaxxer.hikari.HikariDataSource - HikariPool-1 - Starting...
2023-03-23_08-04-57 [restartedMain] INFO  com.zaxxer.hikari.pool.HikariPool - HikariPool-1 - Added connection conn0: url=jdbc:h2:mem:processPension user=SA
2023-03-23_08-04-57 [restartedMain] INFO  com.zaxxer.hikari.HikariDataSource - HikariPool-1 - Start completed.
2023-03-23_08-04-57 [restartedMain] INFO  o.s.b.a.h.H2ConsoleAutoConfiguration - H2 console available at '/h2-console'. Database available at 'jdbc:h2:mem:processPension'
2023-03-23_08-04-57 [restartedMain] INFO  o.h.jpa.internal.util.LogHelper - HHH000204: Processing PersistenceUnitInfo [name: default]
2023-03-23_08-04-57 [restartedMain] INFO  org.hibernate.Version - HHH000412: Hibernate ORM core version 6.1.6.Final
2023-03-23_08-04-57 [restartedMain] INFO  SQL dialect - HHH000400: Using dialect: org.hibernate.dialect.H2Dialect
2023-03-23_08-04-57 [restartedMain] INFO  o.h.c.b.TypeSafeActivator - Error calling `jakarta.validation.Validation#buildDefaultValidatorFactory`
jakarta.validation.NoProviderFoundException: Unable to create a Configuration, because no Jakarta Bean Validation provider could be found. Add a provider like Hibernate Validator (RI) to your classpath.
	at jakarta.validation.Validation$GenericBootstrapImpl.configure(Validation.java:291)
	at jakarta.validation.Validation.buildDefaultValidatorFactory(Validation.java:103)
	at org.hibernate.cfg.beanvalidation.TypeSafeActivator.getValidatorFactory(TypeSafeActivator.java:479)
	at org.hibernate.cfg.beanvalidation.TypeSafeActivator.activate(TypeSafeActivator.java:82)
	at java.base/jdk.internal.reflect.NativeMethodAccessorImpl.invoke0(Native Method)
	at java.base/jdk.internal.reflect.NativeMethodAccessorImpl.invoke(NativeMethodAccessorImpl.java:77)
	at java.base/jdk.internal.reflect.DelegatingMethodAccessorImpl.invoke(DelegatingMethodAccessorImpl.java:43)
	at java.base/java.lang.reflect.Method.invoke(Method.java:568)
	at org.hibernate.cfg.beanvalidation.BeanValidationIntegrator.integrate(BeanValidationIntegrator.java:137)
	at org.hibernate.internal.SessionFactoryImpl.<init>(SessionFactoryImpl.java:287)
	at org.hibernate.boot.internal.SessionFactoryBuilderImpl.build(SessionFactoryBuilderImpl.java:415)
	at org.hibernate.jpa.boot.internal.EntityManagerFactoryBuilderImpl.build(EntityManagerFactoryBuilderImpl.java:1425)
	at org.springframework.orm.jpa.vendor.SpringHibernateJpaPersistenceProvider.createContainerEntityManagerFactory(SpringHibernateJpaPersistenceProvider.java:66)
	at org.springframework.orm.jpa.LocalContainerEntityManagerFactoryBean.createNativeEntityManagerFactory(LocalContainerEntityManagerFactoryBean.java:376)
	at org.springframework.orm.jpa.AbstractEntityManagerFactoryBean.buildNativeEntityManagerFactory(AbstractEntityManagerFactoryBean.java:409)
	at org.springframework.orm.jpa.AbstractEntityManagerFactoryBean.afterPropertiesSet(AbstractEntityManagerFactoryBean.java:396)
	at org.springframework.orm.jpa.LocalContainerEntityManagerFactoryBean.afterPropertiesSet(LocalContainerEntityManagerFactoryBean.java:352)
	at org.springframework.beans.factory.support.AbstractAutowireCapableBeanFactory.invokeInitMethods(AbstractAutowireCapableBeanFactory.java:1797)
	at org.springframework.beans.factory.support.AbstractAutowireCapableBeanFactory.initializeBean(AbstractAutowireCapableBeanFactory.java:1747)
	at org.springframework.beans.factory.support.AbstractAutowireCapableBeanFactory.doCreateBean(AbstractAutowireCapableBeanFactory.java:599)
	at org.springframework.beans.factory.support.AbstractAutowireCapableBeanFactory.createBean(AbstractAutowireCapableBeanFactory.java:521)
	at org.springframework.beans.factory.support.AbstractBeanFactory.lambda$doGetBean$0(AbstractBeanFactory.java:326)
	at org.springframework.beans.factory.support.DefaultSingletonBeanRegistry.getSingleton(DefaultSingletonBeanRegistry.java:234)
	at org.springframework.beans.factory.support.AbstractBeanFactory.doGetBean(AbstractBeanFactory.java:324)
	at org.springframework.beans.factory.support.AbstractBeanFactory.getBean(AbstractBeanFactory.java:200)
	at org.springframework.context.support.AbstractApplicationContext.getBean(AbstractApplicationContext.java:1130)
	at org.springframework.context.support.AbstractApplicationContext.finishBeanFactoryInitialization(AbstractApplicationContext.java:905)
	at org.springframework.context.support.AbstractApplicationContext.refresh(AbstractApplicationContext.java:584)
	at org.springframework.boot.web.servlet.context.ServletWebServerApplicationContext.refresh(ServletWebServerApplicationContext.java:146)
	at org.springframework.boot.SpringApplication.refresh(SpringApplication.java:730)
	at org.springframework.boot.SpringApplication.refreshContext(SpringApplication.java:432)
	at org.springframework.boot.SpringApplication.run(SpringApplication.java:308)
	at org.springframework.boot.SpringApplication.run(SpringApplication.java:1302)
	at org.springframework.boot.SpringApplication.run(SpringApplication.java:1291)
	at com.example.processPension.ProcessPensionApplication.main(ProcessPensionApplication.java:12)
	at java.base/jdk.internal.reflect.NativeMethodAccessorImpl.invoke0(Native Method)
	at java.base/jdk.internal.reflect.NativeMethodAccessorImpl.invoke(NativeMethodAccessorImpl.java:77)
	at java.base/jdk.internal.reflect.DelegatingMethodAccessorImpl.invoke(DelegatingMethodAccessorImpl.java:43)
	at java.base/java.lang.reflect.Method.invoke(Method.java:568)
	at org.springframework.boot.devtools.restart.RestartLauncher.run(RestartLauncher.java:49)
2023-03-23_08-04-57 [restartedMain] INFO  o.h.e.t.j.p.i.JtaPlatformInitiator - HHH000490: Using JtaPlatform implementation: [org.hibernate.engine.transaction.jta.platform.internal.NoJtaPlatform]
2023-03-23_08-04-57 [restartedMain] INFO  o.s.o.j.LocalContainerEntityManagerFactoryBean - Initialized JPA EntityManagerFactory for persistence unit 'default'
2023-03-23_08-04-57 [restartedMain] INFO  o.s.cloud.commons.util.InetUtils - Cannot determine local hostname
2023-03-23_08-04-57 [restartedMain] INFO  o.a.coyote.http11.Http11NioProtocol - Starting ProtocolHandler ["http-nio-8081"]
2023-03-23_08-04-57 [restartedMain] INFO  o.s.b.w.e.tomcat.TomcatWebServer - Tomcat started on port(s): 8081 (http) with context path ''
2023-03-23_08-04-57 [restartedMain] INFO  o.s.cloud.commons.util.InetUtils - Cannot determine local hostname
2023-03-23_08-04-57 [restartedMain] INFO  c.e.p.ProcessPensionApplication - Started ProcessPensionApplication in 11.922 seconds (process running for 12.897)
2023-03-23_08-04-57 [http-nio-8081-exec-1] INFO  o.a.c.c.C.[Tomcat].[localhost].[/] - Initializing Spring DispatcherServlet 'dispatcherServlet'
2023-03-23_08-04-57 [http-nio-8081-exec-1] INFO  o.s.web.servlet.DispatcherServlet - Initializing Servlet 'dispatcherServlet'
2023-03-23_08-04-57 [http-nio-8081-exec-1] INFO  o.s.web.servlet.DispatcherServlet - Completed initialization in 6 ms
2023-03-23_08-04-57 [http-nio-8081-exec-2] INFO  c.e.p.c.ProcessPensionController - START pensionDetail
2023-03-23_08-04-57 [http-nio-8081-exec-2] INFO  c.e.p.service.ProcessPensionService - START pensionDetail
2023-03-23_08-04-57 [http-nio-8081-exec-2] INFO  c.e.p.service.ProcessPensionService - END pensionDetail
2023-03-23_08-04-57 [http-nio-8081-exec-5] INFO  c.e.p.c.ProcessPensionController - START processPension
2023-03-23_08-04-57 [http-nio-8081-exec-5] INFO  c.e.p.service.ProcessPensionService - START pensionProcess
2023-03-23_08-04-57 [http-nio-8081-exec-5] INFO  c.e.p.service.ProcessPensionService - END pensionProcess
2023-03-23_08-04-57 [http-nio-8081-exec-8] INFO  c.e.p.c.ProcessPensionController - START pensionDetail
2023-03-23_08-04-57 [http-nio-8081-exec-8] INFO  c.e.p.service.ProcessPensionService - START pensionDetail
2023-03-23_08-04-57 [http-nio-8081-exec-8] INFO  c.e.p.service.ProcessPensionService - END pensionDetail
2023-03-23_08-04-57 [http-nio-8081-exec-10] INFO  c.e.p.c.ProcessPensionController - START pensionDetail
2023-03-23_08-04-57 [http-nio-8081-exec-10] INFO  c.e.p.service.ProcessPensionService - START pensionDetail
2023-03-23_08-04-57 [http-nio-8081-exec-10] INFO  c.e.p.service.ProcessPensionService - END pensionDetail
2023-03-23_08-04-57 [http-nio-8081-exec-2] INFO  c.e.p.c.ProcessPensionController - START pensionDetail
2023-03-23_08-04-57 [http-nio-8081-exec-2] INFO  c.e.p.service.ProcessPensionService - START pensionDetail
2023-03-23_08-04-57 [http-nio-8081-exec-2] INFO  c.e.p.service.ProcessPensionService - END pensionDetail
2023-03-23_08-04-57 [http-nio-8081-exec-3] INFO  c.e.p.c.ProcessPensionController - START processPension
2023-03-23_08-04-57 [http-nio-8081-exec-3] INFO  c.e.p.service.ProcessPensionService - START pensionProcess
2023-03-23_08-04-57 [http-nio-8081-exec-3] INFO  c.e.p.service.ProcessPensionService - END pensionProcess
