2023-03-23_08-05-14 [restartedMain] INFO  c.e.P.PensionDisbursementApplication - Starting PensionDisbursementApplication using Java 17.0.4.1 with PID 15116 (I:\Cognizant\Final Project\PMSBackend\PensionDisbursement\PensionDisbursement\target\classes started by naray in I:\Cognizant\Final Project\PMSBackend\PensionDisbursement\PensionDisbursement)
2023-03-23_08-05-14 [restartedMain] INFO  c.e.P.PensionDisbursementApplication - No active profile set, falling back to 1 default profile: "default"
2023-03-23_08-05-14 [restartedMain] INFO  o.s.b.d.e.DevToolsPropertyDefaultsPostProcessor - Devtools property defaults active! Set 'spring.devtools.add-properties' to 'false' to disable
2023-03-23_08-05-14 [restartedMain] INFO  o.s.b.d.e.DevToolsPropertyDefaultsPostProcessor - For additional web related logging consider setting the 'logging.level.web' property to 'DEBUG'
2023-03-23_08-05-14 [restartedMain] INFO  o.s.d.r.c.RepositoryConfigurationDelegate - Bootstrapping Spring Data JPA repositories in DEFAULT mode.
2023-03-23_08-05-14 [restartedMain] INFO  o.s.d.r.c.RepositoryConfigurationDelegate - Finished Spring Data repository scanning in 23 ms. Found 0 JPA repository interfaces.
2023-03-23_08-05-14 [restartedMain] INFO  o.s.cloud.context.scope.GenericScope - BeanFactory id=c50baada-743a-397d-b9a0-b93990be75c6
2023-03-23_08-05-14 [restartedMain] INFO  o.s.c.s.PostProcessorRegistrationDelegate$BeanPostProcessorChecker - Bean 'com.example.PensionDisbursement.client.AuthClient' of type [org.springframework.cloud.openfeign.FeignClientFactoryBean] is not eligible for getting processed by all BeanPostProcessors (for example: not eligible for auto-proxying)
2023-03-23_08-05-14 [restartedMain] INFO  o.s.c.s.PostProcessorRegistrationDelegate$BeanPostProcessorChecker - Bean 'com.example.PensionDisbursement.client.PensionDetailClient' of type [org.springframework.cloud.openfeign.FeignClientFactoryBean] is not eligible for getting processed by all BeanPostProcessors (for example: not eligible for auto-proxying)
2023-03-23_08-05-14 [restartedMain] INFO  o.s.b.w.e.tomcat.TomcatWebServer - Tomcat initialized with port(s): 8082 (http)
2023-03-23_08-05-14 [restartedMain] INFO  o.a.coyote.http11.Http11NioProtocol - Initializing ProtocolHandler ["http-nio-8082"]
2023-03-23_08-05-14 [restartedMain] INFO  o.a.catalina.core.StandardService - Starting service [Tomcat]
2023-03-23_08-05-14 [restartedMain] INFO  o.a.catalina.core.StandardEngine - Starting Servlet engine: [Apache Tomcat/10.1.5]
2023-03-23_08-05-14 [restartedMain] INFO  o.a.c.c.C.[Tomcat].[localhost].[/] - Initializing Spring embedded WebApplicationContext
2023-03-23_08-05-14 [restartedMain] INFO  o.s.b.w.s.c.ServletWebServerApplicationContext - Root WebApplicationContext: initialization completed in 2722 ms
2023-03-23_08-05-14 [restartedMain] INFO  com.zaxxer.hikari.HikariDataSource - HikariPool-1 - Starting...
2023-03-23_08-05-14 [restartedMain] INFO  com.zaxxer.hikari.pool.HikariPool - HikariPool-1 - Added connection conn0: url=jdbc:h2:mem:aa00cacc-d488-4c6c-a201-2b6f97607237 user=SA
2023-03-23_08-05-14 [restartedMain] INFO  com.zaxxer.hikari.HikariDataSource - HikariPool-1 - Start completed.
2023-03-23_08-05-14 [restartedMain] INFO  o.s.b.a.h.H2ConsoleAutoConfiguration - H2 console available at '/h2-console'. Database available at 'jdbc:h2:mem:aa00cacc-d488-4c6c-a201-2b6f97607237'
2023-03-23_08-05-14 [restartedMain] INFO  o.h.jpa.internal.util.LogHelper - HHH000204: Processing PersistenceUnitInfo [name: default]
2023-03-23_08-05-14 [restartedMain] INFO  org.hibernate.Version - HHH000412: Hibernate ORM core version 6.1.6.Final
2023-03-23_08-05-14 [restartedMain] INFO  SQL dialect - HHH000400: Using dialect: org.hibernate.dialect.H2Dialect
2023-03-23_08-05-14 [restartedMain] INFO  o.h.e.t.j.p.i.JtaPlatformInitiator - HHH000490: Using JtaPlatform implementation: [org.hibernate.engine.transaction.jta.platform.internal.NoJtaPlatform]
2023-03-23_08-05-14 [restartedMain] INFO  o.s.o.j.LocalContainerEntityManagerFactoryBean - Initialized JPA EntityManagerFactory for persistence unit 'default'
2023-03-23_08-05-14 [restartedMain] INFO  o.s.cloud.commons.util.InetUtils - Cannot determine local hostname
2023-03-23_08-05-14 [restartedMain] INFO  o.a.coyote.http11.Http11NioProtocol - Starting ProtocolHandler ["http-nio-8082"]
2023-03-23_08-05-14 [restartedMain] INFO  o.s.b.w.e.tomcat.TomcatWebServer - Tomcat started on port(s): 8082 (http) with context path ''
2023-03-23_08-05-14 [restartedMain] INFO  o.s.cloud.commons.util.InetUtils - Cannot determine local hostname
2023-03-23_08-05-14 [restartedMain] INFO  c.e.P.PensionDisbursementApplication - Started PensionDisbursementApplication in 9.721 seconds (process running for 10.665)
2023-03-23_08-05-14 [http-nio-8082-exec-1] INFO  o.a.c.c.C.[Tomcat].[localhost].[/] - Initializing Spring DispatcherServlet 'dispatcherServlet'
2023-03-23_08-05-14 [http-nio-8082-exec-1] INFO  o.s.web.servlet.DispatcherServlet - Initializing Servlet 'dispatcherServlet'
2023-03-23_08-05-14 [http-nio-8082-exec-1] INFO  o.s.web.servlet.DispatcherServlet - Completed initialization in 7 ms
2023-03-23_08-05-14 [http-nio-8082-exec-1] INFO  c.e.P.c.PensionDisbursementController - START disbursePension
2023-03-23_08-05-14 [http-nio-8082-exec-1] INFO  c.e.P.s.PensionDisbursementService - START disbursePension
2023-03-23_08-05-14 [http-nio-8082-exec-1] INFO  c.e.P.s.PensionDisbursementService - END disbursePension
2023-03-23_08-05-14 [http-nio-8082-exec-3] INFO  c.e.P.c.PensionDisbursementController - START disbursePension
2023-03-23_08-05-14 [http-nio-8082-exec-3] INFO  c.e.P.s.PensionDisbursementService - START disbursePension
2023-03-23_08-05-14 [http-nio-8082-exec-3] INFO  c.e.P.s.PensionDisbursementService - END disbursePension
